[0.007s] Invoking command in '/home/iamgroot/pick_and_place_ws/build/pick_and_place': CMAKE_PREFIX_PATH=${CMAKE_PREFIX_PATH}:/opt/ros/humble /usr/bin/cmake /home/iamgroot/pick_and_place_ws/src/pick_and_place -DCMAKE_INSTALL_PREFIX=/home/iamgroot/pick_and_place_ws/install/pick_and_place
[0.045s] -- The C compiler identification is GNU 11.4.0
[0.085s] -- The CXX compiler identification is GNU 11.4.0
[0.090s] -- Detecting C compiler ABI info
[0.136s] -- Detecting C compiler ABI info - done
[0.142s] -- Check for working C compiler: /usr/bin/cc - skipped
[0.142s] -- Detecting C compile features
[0.143s] -- Detecting C compile features - done
[0.145s] -- Detecting CXX compiler ABI info
[0.199s] -- Detecting CXX compiler ABI info - done
[0.205s] -- Check for working CXX compiler: /usr/bin/c++ - skipped
[0.206s] -- Detecting CXX compile features
[0.206s] -- Detecting CXX compile features - done
[0.208s] -- Found ament_cmake: 1.3.10 (/opt/ros/humble/share/ament_cmake/cmake)
[0.331s] -- Found Python3: /usr/bin/python3 (found version "3.10.12") found components: Interpreter 
[0.395s] -- Found rclcpp: 16.0.10 (/opt/ros/humble/share/rclcpp/cmake)
[0.425s] -- Found rosidl_generator_c: 3.1.5 (/opt/ros/humble/share/rosidl_generator_c/cmake)
[0.428s] -- Found rosidl_adapter: 3.1.5 (/opt/ros/humble/share/rosidl_adapter/cmake)
[0.434s] -- Found rosidl_generator_cpp: 3.1.5 (/opt/ros/humble/share/rosidl_generator_cpp/cmake)
[0.442s] -- Using all available rosidl_typesupport_c: rosidl_typesupport_fastrtps_c;rosidl_typesupport_introspection_c
[0.454s] -- Using all available rosidl_typesupport_cpp: rosidl_typesupport_fastrtps_cpp;rosidl_typesupport_introspection_cpp
[0.485s] -- Found rmw_implementation_cmake: 6.1.2 (/opt/ros/humble/share/rmw_implementation_cmake/cmake)
[0.487s] -- Found rmw_fastrtps_cpp: 6.2.7 (/opt/ros/humble/share/rmw_fastrtps_cpp/cmake)
[0.543s] -- Found OpenSSL: /usr/lib/x86_64-linux-gnu/libcrypto.so (found version "3.0.2")  
[0.561s] -- Found FastRTPS: /opt/ros/humble/include  
[0.589s] -- Using RMW implementation 'rmw_fastrtps_cpp' as default
[0.594s] -- Looking for pthread.h
[0.643s] -- Looking for pthread.h - found
[0.643s] -- Performing Test CMAKE_HAVE_LIBC_PTHREAD
[0.697s] -- Performing Test CMAKE_HAVE_LIBC_PTHREAD - Success
[0.698s] -- Found Threads: TRUE  
[0.739s] -- Found moveit_ros_planning_interface: 2.5.5 (/opt/ros/humble/share/moveit_ros_planning_interface/cmake)
[0.754s] -- Found Boost: /usr/lib/x86_64-linux-gnu/cmake/Boost-1.74.0/BoostConfig.cmake (found version "1.74.0") found components: date_time filesystem program_options system thread 
[0.894s] -- Found Boost: /usr/lib/x86_64-linux-gnu/cmake/Boost-1.74.0/BoostConfig.cmake (found version "1.74.0") found components: chrono date_time filesystem iostreams program_options regex serialization system thread 
[0.903s] -- Found parameter_traits: 0.3.8 (/opt/ros/humble/share/parameter_traits/cmake)
[0.915s] -- Found rclcpp_lifecycle: 16.0.10 (/opt/ros/humble/share/rclcpp_lifecycle/cmake)
[0.934s] -- Found Boost: /usr/lib/x86_64-linux-gnu/cmake/Boost-1.74.0/BoostConfig.cmake (found version "1.74.0") found components: filesystem 
[0.990s] -- library: /usr/lib/x86_64-linux-gnu/libcurl.so
[1.015s] -- Found Eigen3: TRUE (found version "3.4.0") 
[1.015s] -- Ensuring Eigen3 include directory is part of orocos-kdl CMake target
[1.121s] -- Found Boost: /usr/lib/x86_64-linux-gnu/cmake/Boost-1.74.0/BoostConfig.cmake (found version "1.74.0") found components: system filesystem date_time program_options thread chrono 
[1.146s] -- Found Boost: /usr/lib/x86_64-linux-gnu/cmake/Boost-1.74.0/BoostConfig.cmake (found version "1.74.0") found components: thread system filesystem regex date_time program_options 
[1.164s] -- Found Boost: /usr/lib/x86_64-linux-gnu/cmake/Boost-1.74.0/BoostConfig.cmake (found version "1.74.0") found components: system filesystem date_time program_options thread 
[1.239s] -- Configuring done
[1.258s] -- Generating done
[1.260s] -- Build files have been written to: /home/iamgroot/pick_and_place_ws/build/pick_and_place
[1.269s] Invoked command in '/home/iamgroot/pick_and_place_ws/build/pick_and_place' returned '0': CMAKE_PREFIX_PATH=${CMAKE_PREFIX_PATH}:/opt/ros/humble /usr/bin/cmake /home/iamgroot/pick_and_place_ws/src/pick_and_place -DCMAKE_INSTALL_PREFIX=/home/iamgroot/pick_and_place_ws/install/pick_and_place
[1.270s] Invoking command in '/home/iamgroot/pick_and_place_ws/build/pick_and_place': CMAKE_PREFIX_PATH=${CMAKE_PREFIX_PATH}:/opt/ros/humble /usr/bin/cmake --build /home/iamgroot/pick_and_place_ws/build/pick_and_place -- -j12 -l12
[1.304s] [ 50%] [32mBuilding CXX object CMakeFiles/pick_and_place_node.dir/src/pick_and_place.cpp.o[0m
[6.529s] [100%] [32m[1mLinking CXX executable pick_and_place_node[0m
[6.733s] [100%] Built target pick_and_place_node
[6.740s] Invoked command in '/home/iamgroot/pick_and_place_ws/build/pick_and_place' returned '0': CMAKE_PREFIX_PATH=${CMAKE_PREFIX_PATH}:/opt/ros/humble /usr/bin/cmake --build /home/iamgroot/pick_and_place_ws/build/pick_and_place -- -j12 -l12
[6.762s] Invoking command in '/home/iamgroot/pick_and_place_ws/build/pick_and_place': CMAKE_PREFIX_PATH=${CMAKE_PREFIX_PATH}:/opt/ros/humble /usr/bin/cmake --install /home/iamgroot/pick_and_place_ws/build/pick_and_place
[6.766s] -- Install configuration: ""
[6.766s] -- Installing: /home/iamgroot/pick_and_place_ws/install/pick_and_place/lib/pick_and_place/pick_and_place_node
[6.767s] -- Set runtime path of "/home/iamgroot/pick_and_place_ws/install/pick_and_place/lib/pick_and_place/pick_and_place_node" to ""
[6.767s] -- Installing: /home/iamgroot/pick_and_place_ws/install/pick_and_place/share/ament_index/resource_index/package_run_dependencies/pick_and_place
[6.767s] -- Installing: /home/iamgroot/pick_and_place_ws/install/pick_and_place/share/ament_index/resource_index/parent_prefix_path/pick_and_place
[6.767s] -- Installing: /home/iamgroot/pick_and_place_ws/install/pick_and_place/share/pick_and_place/environment/ament_prefix_path.sh
[6.767s] -- Installing: /home/iamgroot/pick_and_place_ws/install/pick_and_place/share/pick_and_place/environment/ament_prefix_path.dsv
[6.767s] -- Installing: /home/iamgroot/pick_and_place_ws/install/pick_and_place/share/pick_and_place/environment/path.sh
[6.767s] -- Installing: /home/iamgroot/pick_and_place_ws/install/pick_and_place/share/pick_and_place/environment/path.dsv
[6.767s] -- Installing: /home/iamgroot/pick_and_place_ws/install/pick_and_place/share/pick_and_place/local_setup.bash
[6.767s] -- Installing: /home/iamgroot/pick_and_place_ws/install/pick_and_place/share/pick_and_place/local_setup.sh
[6.767s] -- Installing: /home/iamgroot/pick_and_place_ws/install/pick_and_place/share/pick_and_place/local_setup.zsh
[6.768s] -- Installing: /home/iamgroot/pick_and_place_ws/install/pick_and_place/share/pick_and_place/local_setup.dsv
[6.768s] -- Installing: /home/iamgroot/pick_and_place_ws/install/pick_and_place/share/pick_and_place/package.dsv
[6.768s] -- Installing: /home/iamgroot/pick_and_place_ws/install/pick_and_place/share/ament_index/resource_index/packages/pick_and_place
[6.768s] -- Installing: /home/iamgroot/pick_and_place_ws/install/pick_and_place/share/pick_and_place/cmake/pick_and_placeConfig.cmake
[6.768s] -- Installing: /home/iamgroot/pick_and_place_ws/install/pick_and_place/share/pick_and_place/cmake/pick_and_placeConfig-version.cmake
[6.768s] -- Installing: /home/iamgroot/pick_and_place_ws/install/pick_and_place/share/pick_and_place/package.xml
[6.769s] Invoked command in '/home/iamgroot/pick_and_place_ws/build/pick_and_place' returned '0': CMAKE_PREFIX_PATH=${CMAKE_PREFIX_PATH}:/opt/ros/humble /usr/bin/cmake --install /home/iamgroot/pick_and_place_ws/build/pick_and_place
